{"email":"al_abbott@sipesquigley.com","pass":"RaMx15YaPu","lgnjs":"1511131501","timezone":"0"}
{"email":"ethan@rolfsonrunte.info","pass":"ZkZpYrY8MdZzF2M0","lgnjs":"1511131501","timezone":"0"}
{"email":"stacey@kulasthompson.name","pass":"Im1cDqZnEeRuYa8o","lgnjs":"1511131501","timezone":"0"}
{"email":"shad_cummings@skiles.biz","pass":"XzJgZ05eK1S19y","lgnjs":"1511131501","timezone":"0"}
{"email":"ernest.dubuque@keelinggleichner.io","pass":"4jS4HcPe","lgnjs":"1511131501","timezone":"0"}
{"email":"dangelo@schultz.net","pass":"1aG0Dv9j3","lgnjs":"1511131501","timezone":"0"}
{"email":"clemmie_brakus@kutch.org","pass":"FjFnPbNpTv","lgnjs":"1511131501","timezone":"0"}
{"email":"elaina@trompterry.net","pass":"27AtThWf6vB5Ku58","lgnjs":"1511131501","timezone":"0"}
{"email":"jeffery_braun@leannon.name","pass":"3mQh0pXh","lgnjs":"1511131501","timezone":"0"}
{"email":"katlyn@kuhic.info","pass":"C898By3cY3TxG0Mp","lgnjs":"1511131501","timezone":"0"}
{"email":"cierra@price.net","pass":"BfL7VhSlQoEzPh","lgnjs":"1511131501","timezone":"0"}
{"email":"hilario@stokesgutkowski.com","pass":"7t2zP1Nx91WzQtTf","lgnjs":"1511131501","timezone":"0"}
{"email":"juvenal@labadie.org","pass":"Zg8wTqQwUd2bZt4","lgnjs":"1511131501","timezone":"0"}
{"email":"emmie.schuster@goyette.name","pass":"84376k9n3k","lgnjs":"1511131501","timezone":"0"}
{"email":"madison.oreilly@willstanton.org","pass":"AeI8OkAiZ4VpTpE","lgnjs":"1511131501","timezone":"0"}
{"email":"shayna.mueller@boyer.io","pass":"EmMxSyL1N9ZxEi","lgnjs":"1511131501","timezone":"0"}
{"email":"hobart@jerde.biz","pass":"1jPq945jA","lgnjs":"1511131501","timezone":"0"}
{"email":"jadyn@pacochaschaefer.com","pass":"JhMjTeU5Q2Qj6cUu","lgnjs":"1511131501","timezone":"0"}
{"email":"julien@zemlak.co","pass":"02Ln1iZb3uCf2p","lgnjs":"1511131501","timezone":"0"}
{"email":"richard.wintheiser@lefflerhansen.co","pass":"DkEyCjI9RxV","lgnjs":"1511131501","timezone":"0"}
{"email":"pattie_renner@mckenzie.name","pass":"M14gMvOaP","lgnjs":"1511131501","timezone":"0"}
{"email":"genoveva@millshand.io","pass":"NhG52kAk7tA3Le","lgnjs":"1511131501","timezone":"0"}
{"email":"jo.fisher@okuneva.biz","pass":"IrPcLt5wWl","lgnjs":"1511131501","timezone":"0"}
{"email":"alva@lang.net","pass":"Ve5t3bFhBvA3287","lgnjs":"1511131501","timezone":"0"}
{"email":"heber_mayer@boehm.info","pass":"YpQnAjCs821","lgnjs":"1511131501","timezone":"0"}
{"email":"emil_kilback@turcottealtenwerth.biz","pass":"Ns389aUwFb","lgnjs":"1511131501","timezone":"0"}
{"email":"waylon.hilll@pouros.info","pass":"5tWxL9D9ItTaFpNd","lgnjs":"1511131501","timezone":"0"}
{"email":"norris_crona@gerhold.name","pass":"2rYkIn7o","lgnjs":"1511131501","timezone":"0"}
{"email":"alfonso@conroy.org","pass":"CvQ8OtV2U4J4","lgnjs":"1511131501","timezone":"0"}
{"email":"lillian_reynolds@funkhuels.net","pass":"27I7WqK1D0HzE","lgnjs":"1511131501","timezone":"0"}
{"email":"julia@pollich.name","pass":"Z98wBbJo3nVm","lgnjs":"1511131501","timezone":"0"}
{"email":"brice@eichmannankunding.org","pass":"4pBpEeW2X4K4","lgnjs":"1511131501","timezone":"0"}
{"email":"trycia@carrollgerlach.biz","pass":"Hz1aZ0C6Ox","lgnjs":"1511131501","timezone":"0"}
{"email":"lindsey@grady.io","pass":"2bNyZqT1KxCqM1V","lgnjs":"1511131501","timezone":"0"}
{"email":"vincent@hegmannkutch.io","pass":"Rx83U7WnB4","lgnjs":"1511131501","timezone":"0"}
{"email":"stephon_murphy@howeturcotte.org","pass":"E9CpEdOpO7IdCq7","lgnjs":"1511131501","timezone":"0"}
{"email":"justyn_ernser@graham.com","pass":"HhA6BqPg9c","lgnjs":"1511131501","timezone":"0"}
{"email":"alayna@bogan.name","pass":"2hX3KxI6RuLxMpO","lgnjs":"1511131501","timezone":"0"}
{"email":"carolanne_wiza@ziemeherman.name","pass":"29Z97nN9XiJrD","lgnjs":"1511131501","timezone":"0"}
{"email":"felicia.greenholt@dietrich.io","pass":"1f7l00LoEj","lgnjs":"1511131501","timezone":"0"}
{"email":"kennith@cummings.org","pass":"IrQ0S0WkUm","lgnjs":"1511131501","timezone":"0"}
{"email":"don.cummerata@witting.co","pass":"99MfQt4vJ228V2","lgnjs":"1511131501","timezone":"0"}
{"email":"spencer.pfeffer@witting.name","pass":"ZcVa8pXmT4","lgnjs":"1511131501","timezone":"0"}
{"email":"price@crist.net","pass":"Ac78IlOcSu2r","lgnjs":"1511131501","timezone":"0"}
{"email":"muriel.kertzmann@runolfon.info","pass":"T3Hl6m4t23E","lgnjs":"1511131501","timezone":"0"}
{"email":"perry@hellerankunding.name","pass":"M9S8SnYuWsOfU7Om","lgnjs":"1511131501","timezone":"0"}
{"email":"thelma.okeefe@hegmann.biz","pass":"5jVfEtQ6A14hDsS","lgnjs":"1511131501","timezone":"0"}
{"email":"kira@christiansen.info","pass":"2jLyMlUtG","lgnjs":"1511131501","timezone":"0"}
{"email":"gonzalo.haley@howell.info","pass":"SuEs7iD3T","lgnjs":"1511131501","timezone":"0"}
{"email":"efrain.reilly@armstrong.net","pass":"G8CqX14uQ91925C","lgnjs":"1511131501","timezone":"0"}
{"email":"augustine@fayroob.io","pass":"IpWzQnIi","lgnjs":"1511131501","timezone":"0"}
{"email":"emanuel@leuschkepfeffer.biz","pass":"LsUlUfKuSbJx2tJu","lgnjs":"1511131501","timezone":"0"}
{"email":"otilia_kuvalis@okuneva.org","pass":"P5TtHtNzFnZiQ7F","lgnjs":"1511131501","timezone":"0"}
{"email":"elsa.lehner@wisoky.co","pass":"SkFiFfJ9YyNpTyB","lgnjs":"1511131501","timezone":"0"}
{"email":"josiane@dibbert.biz","pass":"U96qZc63DvWj2oK","lgnjs":"1511131501","timezone":"0"}
{"email":"emory@rowe.name","pass":"Vp7o18M58xZ1EpY4","lgnjs":"1511131501","timezone":"0"}
{"email":"dion_collins@medhurst.name","pass":"ZvI0H7WgY","lgnjs":"1511131501","timezone":"0"}
{"email":"eduardo_huels@mertz.io","pass":"UqO67pIf","lgnjs":"1511131501","timezone":"0"}
{"email":"cecil@greenfelder.io","pass":"FrU19wYwVhKi3b","lgnjs":"1511131501","timezone":"0"}
{"email":"jamal.waelchi@moen.name","pass":"3207Iw3g3h","lgnjs":"1511131501","timezone":"0"}
{"email":"garry@sauerschamberger.biz","pass":"F4Tz4g4xH09u","lgnjs":"1511131501","timezone":"0"}
{"email":"melisa@nienowstiedemann.io","pass":"ZdEbMh0s8qWhWzRh","lgnjs":"1511131501","timezone":"0"}
{"email":"stella_lesch@schuppe.name","pass":"FrG0Gk5t8zJ","lgnjs":"1511131501","timezone":"0"}
{"email":"geovany.larkin@bernierboyle.com","pass":"DaVtO5Vz","lgnjs":"1511131501","timezone":"0"}
{"email":"neal@walter.org","pass":"E68dM2CaDcEt","lgnjs":"1511131501","timezone":"0"}
{"email":"geovanny@treutelhackett.net","pass":"X1PwZ2B0I2CvQk","lgnjs":"1511131501","timezone":"0"}
{"email":"grant.hilll@wisokyyundt.biz","pass":"9iM416Y378JwJy9","lgnjs":"1511131501","timezone":"0"}
{"email":"amanda@wiza.co","pass":"FmBwRyRj5uAbE","lgnjs":"1511131501","timezone":"0"}
{"email":"gordon.heel@ritchie.net","pass":"WfM0KiUeV06eI8T","lgnjs":"1511131501","timezone":"0"}
{"email":"art_carter@nikolaus.co","pass":"H4QvCqPlCaRbH48l","lgnjs":"1511131501","timezone":"0"}
{"email":"kellie@herman.name","pass":"D42dLqAl2z11We1","lgnjs":"1511131501","timezone":"0"}
{"email":"krystal@raynorparker.com","pass":"9wX6CoJjQnS1He","lgnjs":"1511131501","timezone":"0"}
{"email":"twila@conn.net","pass":"KzZaF1Ki47","lgnjs":"1511131501","timezone":"0"}
{"email":"hugh@langworth.io","pass":"OdKiS355","lgnjs":"1511131501","timezone":"0"}
{"email":"billie@dare.com","pass":"HxE1TzP9A8Ek","lgnjs":"1511131501","timezone":"0"}
{"email":"wilma@powlowski.co","pass":"QkWv1p0tSt2nJ","lgnjs":"1511131501","timezone":"0"}
{"email":"cecile@runolfon.io","pass":"Lg5mOxFbWm","lgnjs":"1511131501","timezone":"0"}
{"email":"davonte@kuvalisauer.co","pass":"Fv633j36YnP","lgnjs":"1511131501","timezone":"0"}
{"email":"taylor.fay@kohler.net","pass":"SuR50cRp84C9C","lgnjs":"1511131501","timezone":"0"}
{"email":"donald.wisoky@rowe.net","pass":"Mx6tEdOcKc1m8j","lgnjs":"1511131501","timezone":"0"}
{"email":"mustafa@simonisreichel.org","pass":"Gh3n19N7Ap6","lgnjs":"1511131501","timezone":"0"}
{"email":"ned@schmeler.net","pass":"XtVwSqT3WrVzRe","lgnjs":"1511131501","timezone":"0"}
{"email":"dave.paucek@konopelski.name","pass":"84Z6IiCt0","lgnjs":"1511131501","timezone":"0"}
{"email":"orie@schroeder.name","pass":"1xDfNyD3FdU3M","lgnjs":"1511131501","timezone":"0"}
{"email":"aniya@larkin.biz","pass":"RsLkEm83J3VbO","lgnjs":"1511131501","timezone":"0"}
{"email":"molly.mcglynn@armstrong.co","pass":"QgS1RcYkDa","lgnjs":"1511131501","timezone":"0"}
{"email":"matilda_daugherty@bailey.org","pass":"Ag9kBgHo9m0l4","lgnjs":"1511131501","timezone":"0"}
{"email":"emmanuelle.farrell@williamsondooley.net","pass":"16QiWjTcA2G2","lgnjs":"1511131501","timezone":"0"}
{"email":"anya@quigleywisozk.net","pass":"RkPaRf2dKg","lgnjs":"1511131501","timezone":"0"}
{"email":"cecelia@friesen.io","pass":"YnWjEiOoWrAx","lgnjs":"1511131501","timezone":"0"}
{"email":"tatyana.heathcote@gusikowski.io","pass":"4pCwE3N63cQ6Sh","lgnjs":"1511131501","timezone":"0"}
{"email":"otilia@windler.net","pass":"XkDiVc7uO7","lgnjs":"1511131501","timezone":"0"}
{"email":"aiyana.grimes@gibson.biz","pass":"L71xY64u7oE70x0","lgnjs":"1511131501","timezone":"0"}
{"email":"armando@ryantreutel.net","pass":"7fNoOnOkOm2","lgnjs":"1511131501","timezone":"0"}
{"email":"marquise@lowe.co","pass":"L7S8MdLiV","lgnjs":"1511131501","timezone":"0"}
{"email":"mike@kundekshlerin.net","pass":"Xu0cVfZ6RpDlG5D4","lgnjs":"1511131501","timezone":"0"}
{"email":"kailyn@leuschke.co","pass":"Tt9xUyXcF","lgnjs":"1511131501","timezone":"0"}
{"email":"evalyn@spencer.name","pass":"2o02CwO7NvOuQ","lgnjs":"1511131501","timezone":"0"}
{"email":"estel@lynch.name","pass":"WoH83bSs7","lgnjs":"1511131501","timezone":"0"}
{"email":"tia@kuvalisfranecki.net","pass":"EbOx0pI6","lgnjs":"1511131501","timezone":"0"}
{"email":"zakary.schneider@lueilwitz.net","pass":"Jl8eGm9d3iBxT","lgnjs":"1511131501","timezone":"0"}
{"email":"pedro_kulas@durgan.io","pass":"UcZcBjLpX2179sP","lgnjs":"1511131501","timezone":"0"}
{"email":"eldred.schmitt@legrosgibson.biz","pass":"Vl6cVoBsP5D9GrS","lgnjs":"1511131501","timezone":"0"}
{"email":"geovany_schneider@stehr.org","pass":"WkUrO4OvF","lgnjs":"1511131501","timezone":"0"}
{"email":"lavada_huels@krajciknader.name","pass":"VzUfDyDfJ8I","lgnjs":"1511131501","timezone":"0"}
{"email":"jordy.weber@schadenlesch.net","pass":"2wA17v4c4aFmSwJy","lgnjs":"1511131501","timezone":"0"}
{"email":"bryon@feil.net","pass":"8cGfWhIrDtA8Oe","lgnjs":"1511131501","timezone":"0"}
{"email":"rosanna@hodkiewicz.info","pass":"Aj0oAhW3","lgnjs":"1511131501","timezone":"0"}
{"email":"christa_wiegand@volkman.net","pass":"41O6GiF42wH5","lgnjs":"1511131501","timezone":"0"}
{"email":"jalon@kuhlmanlegros.name","pass":"Vv426vRo8lD9P2Li","lgnjs":"1511131501","timezone":"0"}
{"email":"kathlyn_bartoletti@johnston.org","pass":"E1JdDp0m","lgnjs":"1511131501","timezone":"0"}
{"email":"otto_kemmer@ondrickacremin.biz","pass":"MnOyO03eT9089","lgnjs":"1511131501","timezone":"0"}
{"email":"elizabeth_white@langhegmann.biz","pass":"2gMfC433LgJe9","lgnjs":"1511131501","timezone":"0"}
{"email":"roscoe.klocko@douglaswyman.name","pass":"FmQ2E93xY2Pl","lgnjs":"1511131501","timezone":"0"}
{"email":"sarina.dooley@reynolds.biz","pass":"FfQmRrQpYa95","lgnjs":"1511131501","timezone":"0"}
{"email":"gerry_pouros@heidenreich.org","pass":"K7Hh3tT0","lgnjs":"1511131501","timezone":"0"}
{"email":"anais@mueller.info","pass":"7w42Cv84CuRxE","lgnjs":"1511131501","timezone":"0"}
{"email":"allison@miller.net","pass":"7r6zIdHa0qHgAv","lgnjs":"1511131501","timezone":"0"}
{"email":"eriberto.goldner@little.name","pass":"H9Z893Vd","lgnjs":"1511131501","timezone":"0"}
{"email":"carolanne.schimmel@boylehahn.io","pass":"Mp082zGlCbH","lgnjs":"1511131501","timezone":"0"}
{"email":"danial@marvinkilback.name","pass":"JvQdCkW5W6F3","lgnjs":"1511131501","timezone":"0"}
{"email":"shaina@johnston.com","pass":"SsT3RtJ7Uk0","lgnjs":"1511131501","timezone":"0"}
{"email":"granville_heathcote@oberbrunner.name","pass":"AeRhY3Hb35Fr3","lgnjs":"1511131501","timezone":"0"}
{"email":"shanel_pagac@rippin.org","pass":"N2Eu9iI6FiW5Ed4","lgnjs":"1511131501","timezone":"0"}
{"email":"oral.collins@gutkowski.com","pass":"J7077aIu6yR8Ko0","lgnjs":"1511131501","timezone":"0"}
{"email":"elwyn@oconner.io","pass":"2nJ9K16657IjOb","lgnjs":"1511131501","timezone":"0"}
{"email":"antoinette_durgan@leannon.com","pass":"FaFt568894Ci","lgnjs":"1511131501","timezone":"0"}
{"email":"salma@altenwerth.co","pass":"ZoA2Mj585nKuCtQ","lgnjs":"1511131501","timezone":"0"}
{"email":"roberta@feeney.net","pass":"9mLbRzYd","lgnjs":"1511131501","timezone":"0"}
{"email":"chanelle@lindgrenfadel.name","pass":"LtI7JjAg","lgnjs":"1511131501","timezone":"0"}
{"email":"america@mcdermottstamm.org","pass":"WfFv8m2nP","lgnjs":"1511131501","timezone":"0"}
{"email":"ally@kshlerin.name","pass":"FxRdSqLw","lgnjs":"1511131501","timezone":"0"}
{"email":"liza_bins@moorelemke.co","pass":"M6AeEmZkSo3w","lgnjs":"1511131501","timezone":"0"}
{"email":"jonatan.stroman@rutherford.info","pass":"It91EoKeZ0P0Vw","lgnjs":"1511131501","timezone":"0"}
{"email":"marco@greenfelder.biz","pass":"SlDdXaAj23C","lgnjs":"1511131501","timezone":"0"}
{"email":"gunnar@schultz.name","pass":"4i71RyG31k5zL","lgnjs":"1511131501","timezone":"0"}
{"email":"wilhelm_willms@stroman.org","pass":"3pNgJbRl","lgnjs":"1511131501","timezone":"0"}
{"email":"estelle_johns@vandervortbreitenberg.com","pass":"JuRfEj70Jr7sV","lgnjs":"1511131501","timezone":"0"}
{"email":"frieda@lowejohnson.io","pass":"2y4fCh9fG3CqW5A","lgnjs":"1511131501","timezone":"0"}
{"email":"bernadette@upton.name","pass":"Ma9jGoY7","lgnjs":"1511131501","timezone":"0"}
{"email":"travis@leannonondricka.info","pass":"1gOuUa5fVdPw","lgnjs":"1511131501","timezone":"0"}
{"email":"damien@blick.biz","pass":"UzAzJhBp8a","lgnjs":"1511131501","timezone":"0"}
{"email":"joseph@wardsporer.co","pass":"OwZ75fV0O","lgnjs":"1511131501","timezone":"0"}
{"email":"horacio.heel@gulgowski.org","pass":"Wk6eP9DaH","lgnjs":"1511131501","timezone":"0"}
{"email":"berneice@greenfelder.co","pass":"FfCl5vP3Am24M2","lgnjs":"1511131501","timezone":"0"}
{"email":"wilhelm@hyatt.biz","pass":"FnJc14A0","lgnjs":"1511131501","timezone":"0"}
{"email":"lysanne@toy.name","pass":"AgLhTfPvEq","lgnjs":"1511131501","timezone":"0"}
{"email":"christ@funk.biz","pass":"XlW4XvJl","lgnjs":"1511131501","timezone":"0"}
{"email":"jordane_parisian@witting.com","pass":"TxQmHr73AkNrHs9i","lgnjs":"1511131501","timezone":"0"}
{"email":"kayleigh@harber.info","pass":"70A1Yw7hZjZt","lgnjs":"1511131501","timezone":"0"}
{"email":"vivienne_bogan@prosacco.org","pass":"RfGr89A6UiJpPa","lgnjs":"1511131501","timezone":"0"}
{"email":"cecelia@hackettrunolfsdottir.com","pass":"T8CnRsKp06I7H","lgnjs":"1511131501","timezone":"0"}
{"email":"zachery@bahringer.co","pass":"1gQyZeQjT6GgJ","lgnjs":"1511131501","timezone":"0"}
{"email":"daphney@lesch.co","pass":"LsGlHdMn7dPl","lgnjs":"1511131501","timezone":"0"}
{"email":"loyal.ankunding@kihnstehr.com","pass":"B4WiIsU6Lo8s05","lgnjs":"1511131501","timezone":"0"}
{"email":"christophe.hoppe@ortizmarks.info","pass":"Ng6gIqQ937Xv4vA","lgnjs":"1511131501","timezone":"0"}
{"email":"orland@herman.co","pass":"B3W6H062D21lRgQx","lgnjs":"1511131501","timezone":"0"}
{"email":"cyril_funk@franecki.co","pass":"6t9qOyOxN2X0BwL","lgnjs":"1511131501","timezone":"0"}
{"email":"bruce@considinebosco.biz","pass":"9vNtZkZ0PhFtHmCn","lgnjs":"1511131501","timezone":"0"}
{"email":"donny@braunkunze.com","pass":"Es3xH0PiM6B","lgnjs":"1511131501","timezone":"0"}
{"email":"carlos@runolfsdottir.io","pass":"73Pw7iNyCoLx7aZ","lgnjs":"1511131501","timezone":"0"}
{"email":"mervin.eichmann@tromp.org","pass":"GgVuBw196b","lgnjs":"1511131501","timezone":"0"}
{"email":"ramona@priceheel.net","pass":"0aCxMuAmS","lgnjs":"1511131501","timezone":"0"}
{"email":"riley@rempel.io","pass":"0mSeHsO2DmWfQx","lgnjs":"1511131501","timezone":"0"}
{"email":"rosendo@uptonjohns.biz","pass":"M8Rd7qFzClMvRk","lgnjs":"1511131501","timezone":"0"}
{"email":"octavia.keler@schmittkling.biz","pass":"Y3BmOk540wPyP","lgnjs":"1511131501","timezone":"0"}
{"email":"conor@webercasper.org","pass":"PaG8FiEbWuYb","lgnjs":"1511131501","timezone":"0"}
{"email":"taylor@abshire.com","pass":"Bp89Sw30Gn9","lgnjs":"1511131501","timezone":"0"}
{"email":"elya_boyle@creminschumm.org","pass":"IdLhN51s79At","lgnjs":"1511131501","timezone":"0"}
{"email":"oral@runolfon.com","pass":"SbUr6rL6W4Gm","lgnjs":"1511131501","timezone":"0"}
{"email":"miller_lowe@watsicasmitham.name","pass":"K8Y4B07v5lXuM","lgnjs":"1511131501","timezone":"0"}
{"email":"marlene@kilback.info","pass":"R6Ep2oM5Bt","lgnjs":"1511131501","timezone":"0"}
{"email":"wilfred@larsonrippin.com","pass":"N0FxMw62UyEg","lgnjs":"1511131501","timezone":"0"}
{"email":"lucas@beier.org","pass":"Xm67Q560I54n5p9","lgnjs":"1511131501","timezone":"0"}
{"email":"camilla_rohan@beier.co","pass":"JgLkY3H5","lgnjs":"1511131501","timezone":"0"}
{"email":"earlene@howellgreenholt.org","pass":"Pk3eE15rZn5k49","lgnjs":"1511131501","timezone":"0"}
{"email":"shirley.hoeger@gorczany.info","pass":"Zq55FgCtEjYc","lgnjs":"1511131501","timezone":"0"}
{"email":"dario@towne.co","pass":"2v1zSl0s6m2","lgnjs":"1511131501","timezone":"0"}
{"email":"adelbert.becker@dicki.name","pass":"Ac659gT7YyBk","lgnjs":"1511131501","timezone":"0"}
{"email":"macey_carter@wunsch.name","pass":"Rt7mWrNgOuE","lgnjs":"1511131501","timezone":"0"}
{"email":"elias_champlin@hermiston.com","pass":"PlTwAy7eKpWpL6Yf","lgnjs":"1511131501","timezone":"0"}
{"email":"fidel.brown@klingconnelly.org","pass":"DyGwRdY36m2zYoS","lgnjs":"1511131501","timezone":"0"}
{"email":"raymundo@borerdoyle.io","pass":"1ePj8gNoE2MqYx","lgnjs":"1511131501","timezone":"0"}
{"email":"antoinette@colegreenfelder.name","pass":"Y89rO2Vx3iFq3oBr","lgnjs":"1511131501","timezone":"0"}
{"email":"riley.mccullough@bergnaumkshlerin.com","pass":"G01eH8K8F8PmLmZp","lgnjs":"1511131501","timezone":"0"}
{"email":"vincent@wiza.biz","pass":"MnWsHlB9Wj7cIgKd","lgnjs":"1511131501","timezone":"0"}
{"email":"chaim@dietrichconn.biz","pass":"Kn7jNeLoOyZgK6J","lgnjs":"1511131501","timezone":"0"}
{"email":"richie_jacobson@steuber.net","pass":"GjSgFkJxM7C2A0","lgnjs":"1511131501","timezone":"0"}
{"email":"marianne_littel@legros.org","pass":"CzGlIzZxVv","lgnjs":"1511131501","timezone":"0"}
{"email":"caandra@buckridge.info","pass":"7hIxS3Y3","lgnjs":"1511131501","timezone":"0"}
{"email":"kadin_schamberger@reichelwilliamson.info","pass":"W0FwAj2fCt6kNw","lgnjs":"1511131501","timezone":"0"}
{"email":"jacquelyn@huellesch.net","pass":"Z72pA5Wv","lgnjs":"1511131501","timezone":"0"}
{"email":"dewayne@oreilly.biz","pass":"ZvVhG9F0VnYa","lgnjs":"1511131501","timezone":"0"}
{"email":"tom.schowalter@huels.co","pass":"TvJ6JsT0B5","lgnjs":"1511131501","timezone":"0"}
{"email":"elwyn.roob@barrowsblick.org","pass":"V0Ry7fMeAn","lgnjs":"1511131501","timezone":"0"}
{"email":"neil@dicki.info","pass":"UuYw04LcZsGjFb","lgnjs":"1511131501","timezone":"0"}
{"email":"rae@huel.com","pass":"37M4L7E2Da7m","lgnjs":"1511131501","timezone":"0"}
{"email":"lenora_gutkowski@lemke.org","pass":"Az5kN8Vr7jF9","lgnjs":"1511131501","timezone":"0"}
{"email":"veda.murphy@turnerfranecki.net","pass":"WoJ4LgXdM7","lgnjs":"1511131501","timezone":"0"}
{"email":"carroll@robel.com","pass":"702pO8Pb","lgnjs":"1511131501","timezone":"0"}
{"email":"kelton_schroeder@grimes.net","pass":"31YbI9BwW0S3H","lgnjs":"1511131501","timezone":"0"}
{"email":"ansley.barton@orn.name","pass":"Qr69BoWy","lgnjs":"1511131501","timezone":"0"}
{"email":"virgie@shanahan.biz","pass":"X1Nc5z6kVz7nU2Vf","lgnjs":"1511131501","timezone":"0"}
{"email":"ayla@millsabshire.info","pass":"PiBsRe6qYlPi","lgnjs":"1511131501","timezone":"0"}
{"email":"aleen@huel.name","pass":"1iVe3iHeQy6tM","lgnjs":"1511131501","timezone":"0"}
{"email":"linnea_moore@dibbertgutkowski.com","pass":"8276S65d6","lgnjs":"1511131501","timezone":"0"}
{"email":"fredy@gulgowskiryan.name","pass":"YlFzZ6Ec","lgnjs":"1511131501","timezone":"0"}
{"email":"sigrid@schmitt.co","pass":"NzR1WsIyYgBfUs","lgnjs":"1511131501","timezone":"0"}
{"email":"ona_boehm@quitzonschumm.biz","pass":"UvQbAcG5P8O4Y","lgnjs":"1511131501","timezone":"0"}
{"email":"alyson@franecki.io","pass":"Nx2i57Fj9jI83k5i","lgnjs":"1511131501","timezone":"0"}
{"email":"ryan.walsh@rolfsonosinski.net","pass":"OdW28vC9IaCgI8","lgnjs":"1511131501","timezone":"0"}
{"email":"keith@cartwright.info","pass":"T67nPvQ9","lgnjs":"1511131501","timezone":"0"}
{"email":"jose@howell.biz","pass":"Qh8gGwPaSj","lgnjs":"1511131501","timezone":"0"}
{"email":"natalia_fritsch@block.info","pass":"YmHf1p0vE0","lgnjs":"1511131501","timezone":"0"}
{"email":"jadon@morar.co","pass":"7qZqSvF49eDn5sTv","lgnjs":"1511131501","timezone":"0"}
{"email":"harold.wyman@schneider.com","pass":"Xr3wC6Io","lgnjs":"1511131501","timezone":"0"}
{"email":"lea@nienowmarquardt.biz","pass":"V2LpYnQz6eC","lgnjs":"1511131501","timezone":"0"}
{"email":"kristian@pouros.com","pass":"WxNe341yG5","lgnjs":"1511131501","timezone":"0"}
{"email":"trystan@toyklein.biz","pass":"20YnCh4zJpR130","lgnjs":"1511131501","timezone":"0"}
{"email":"cydney@goodwin.org","pass":"OeByE7Cm","lgnjs":"1511131501","timezone":"0"}
{"email":"frances@wunsch.net","pass":"TeD515Q2F","lgnjs":"1511131501","timezone":"0"}
{"email":"isabelle.torphy@sporer.net","pass":"Gc1fTx3m2r4pOpP","lgnjs":"1511131501","timezone":"0"}
{"email":"julianne_ruecker@barton.biz","pass":"0aPx3d2cOj3f5d","lgnjs":"1511131501","timezone":"0"}
{"email":"meagan_feeney@collins.name","pass":"Y1Zd78V1Nu8e2","lgnjs":"1511131501","timezone":"0"}
{"email":"skylar_jerde@schaden.name","pass":"FhHeNoM4J2","lgnjs":"1511131501","timezone":"0"}
{"email":"roscoe_adams@konopelski.co","pass":"O4U7DnSkD","lgnjs":"1511131501","timezone":"0"}
{"email":"cathy@gleichner.name","pass":"6eI6A6IcWfR","lgnjs":"1511131501","timezone":"0"}
{"email":"matteo_barrows@konopelski.name","pass":"0dSzBiYfD","lgnjs":"1511131501","timezone":"0"}
{"email":"enrico.bernier@adams.net","pass":"0jGi5l7bBpNzU","lgnjs":"1511131501","timezone":"0"}
{"email":"bud@runolfsdottir.org","pass":"2rKxI6VeF2Je","lgnjs":"1511131501","timezone":"0"}
{"email":"clinton.hilpert@fisherbalistreri.net","pass":"Bo3fFwRqUlY0Ft","lgnjs":"1511131501","timezone":"0"}
{"email":"danny.koelpin@moorekling.com","pass":"Dz6fUaDuPeHmZe","lgnjs":"1511131501","timezone":"0"}
{"email":"ellis.murazik@torphy.name","pass":"WeSzOqEhF6FqJ","lgnjs":"1511131501","timezone":"0"}
{"email":"lincoln_pfeffer@mayert.info","pass":"EbQqOaLoS","lgnjs":"1511131501","timezone":"0"}
{"email":"elenora@barton.net","pass":"PqRxKf3n8u9hC","lgnjs":"1511131501","timezone":"0"}
{"email":"kaelyn@rennerstehr.org","pass":"SbEyPx7hWzSuX","lgnjs":"1511131501","timezone":"0"}
{"email":"casandra@adams.biz","pass":"FxWbPjAn","lgnjs":"1511131501","timezone":"0"}
{"email":"johanna_schuster@schultz.info","pass":"5w3kU0O2Qw0r2","lgnjs":"1511131501","timezone":"0"}
{"email":"golden@fayjacobson.org","pass":"8t4kH9BoN","lgnjs":"1511131501","timezone":"0"}
{"email":"marcelina.heidenreich@walshlabadie.com","pass":"49DvT249V429Ll55","lgnjs":"1511131501","timezone":"0"}
{"email":"ardella@lang.org","pass":"NfSs9x2o7q","lgnjs":"1511131501","timezone":"0"}
{"email":"rosella.wilderman@mcglynn.name","pass":"Ua8eSyHyTtN9Kl","lgnjs":"1511131501","timezone":"0"}
{"email":"ruthe_cruickshank@sawayn.co","pass":"7jBaAi6d","lgnjs":"1511131501","timezone":"0"}
{"email":"dylan@crooks.net","pass":"Lz5j9gYxKc7oEeJ","lgnjs":"1511131501","timezone":"0"}
{"email":"julie@wildermanschulist.io","pass":"1rRlAxWwMeJ","lgnjs":"1511131501","timezone":"0"}
{"email":"stephany.mcglynn@schroedershields.info","pass":"O1R1JbKs","lgnjs":"1511131501","timezone":"0"}
{"email":"bernardo_smith@mann.co","pass":"ZvKq7b9oQwKj","lgnjs":"1511131501","timezone":"0"}
{"email":"lolita@bauch.org","pass":"54ZoB4NfAx","lgnjs":"1511131501","timezone":"0"}
{"email":"isaiah.gerlach@terrybradtke.info","pass":"6nB0007m","lgnjs":"1511131501","timezone":"0"}
{"email":"lizzie_denesik@waters.io","pass":"8sHqXdWuQf4rO","lgnjs":"1511131501","timezone":"0"}
{"email":"gwendolyn_donnelly@hettinger.co","pass":"JuLvV1Nl5e9jRcSw","lgnjs":"1511131501","timezone":"0"}
{"email":"melyna.altenwerth@sawayn.org","pass":"477j4pY9","lgnjs":"1511131501","timezone":"0"}
{"email":"maxime@champlin.com","pass":"2mJrPeUo1p66OpPv","lgnjs":"1511131501","timezone":"0"}
{"email":"melia@ruelkeler.co","pass":"Pf1z5jAqXmIxVc4m","lgnjs":"1511131501","timezone":"0"}
{"email":"godfrey.beatty@carroll.co","pass":"5706S2Z218Ff","lgnjs":"1511131501","timezone":"0"}
{"email":"garth@fahey.co","pass":"KjRfVgSc0o","lgnjs":"1511131501","timezone":"0"}
{"email":"kylie@howell.co","pass":"D0IeXi9aMgOo","lgnjs":"1511131501","timezone":"0"}
{"email":"kim_white@satterfield.co","pass":"DlN7A1LhUcMkV","lgnjs":"1511131501","timezone":"0"}
{"email":"adrain_schimmel@pfannerstillpredovic.com","pass":"P6I0Jm94","lgnjs":"1511131501","timezone":"0"}
{"email":"arlene_schoen@wiegand.biz","pass":"V7IkCqTm","lgnjs":"1511131501","timezone":"0"}
{"email":"elda@fritsch.name","pass":"RmH7QbVfT4N1","lgnjs":"1511131501","timezone":"0"}
{"email":"colton_pouros@borer.biz","pass":"UsE7J0F407I","lgnjs":"1511131501","timezone":"0"}
{"email":"gillian_bernhard@oconnellbosco.biz","pass":"N6DbGsSi2wCqNz","lgnjs":"1511131501","timezone":"0"}
{"email":"sydnie_howell@mann.name","pass":"02Ea3607F4","lgnjs":"1511131501","timezone":"0"}
{"email":"lue@brakus.net","pass":"W1I5SfUwJr3","lgnjs":"1511131501","timezone":"0"}
{"email":"mona.stracke@koelpin.io","pass":"85Ub67OcEw9pB","lgnjs":"1511131501","timezone":"0"}
{"email":"telly@hudsonmayert.io","pass":"F8AxAeOlL2QgJe","lgnjs":"1511131501","timezone":"0"}
{"email":"abner@olson.com","pass":"0k50C3PoCiMw","lgnjs":"1511131501","timezone":"0"}
{"email":"shirley_kub@rice.org","pass":"RgQpOcOaSyPx1c","lgnjs":"1511131501","timezone":"0"}
{"email":"genevieve@littleframi.io","pass":"VzTy03T3CcR","lgnjs":"1511131501","timezone":"0"}
{"email":"howell@borer.name","pass":"1y3n0oI36y6j9","lgnjs":"1511131501","timezone":"0"}
{"email":"sabina@predovic.net","pass":"H9Vt9mLaR8C42b","lgnjs":"1511131501","timezone":"0"}
{"email":"felipe_batz@witting.info","pass":"GaY3Py7oS788EhL8","lgnjs":"1511131501","timezone":"0"}
{"email":"iac@lakin.co","pass":"SsKs5m2p","lgnjs":"1511131501","timezone":"0"}
{"email":"alexandro@predovic.net","pass":"CnBhHtPdG3U6","lgnjs":"1511131501","timezone":"0"}
{"email":"karlee@sanfordhuels.info","pass":"IcGcYvBzDe2g","lgnjs":"1511131501","timezone":"0"}
{"email":"amani@mclaughlinward.net","pass":"O7X5VmNsSbM09","lgnjs":"1511131501","timezone":"0"}
{"email":"seth.grimes@schaden.net","pass":"D0H94t7r","lgnjs":"1511131501","timezone":"0"}
{"email":"claudine@schiller.name","pass":"8j0zVmHe45Fe","lgnjs":"1511131501","timezone":"0"}
{"email":"anastacio@farrell.biz","pass":"Y6MtAgYpPbEhGdHw","lgnjs":"1511131501","timezone":"0"}
{"email":"georgiana_rau@hahn.com","pass":"7aXc9c0wKaIlY4M","lgnjs":"1511131501","timezone":"0"}
{"email":"godfrey@greenfelder.co","pass":"S0LaNrAlMaXsX","lgnjs":"1511131501","timezone":"0"}
{"email":"mac@murraycole.net","pass":"Us7qL1Yc","lgnjs":"1511131501","timezone":"0"}
{"email":"shad@wolftremblay.biz","pass":"Nm2qJ8Df1","lgnjs":"1511131501","timezone":"0"}
{"email":"flo_collins@pfeffer.com","pass":"DfEnZePy","lgnjs":"1511131501","timezone":"0"}
{"email":"bernard.satterfield@jenkins.io","pass":"QfQ3XuD2Iv8eG","lgnjs":"1511131501","timezone":"0"}
{"email":"napoleon@walsh.io","pass":"O77gJnMbFdFd","lgnjs":"1511131501","timezone":"0"}
{"email":"stewart@corkery.co","pass":"4dWt7kQz7","lgnjs":"1511131501","timezone":"0"}
{"email":"marcella_streich@donnellybode.io","pass":"AhZrBl0eJvK","lgnjs":"1511131501","timezone":"0"}
{"email":"linda@volkman.name","pass":"TaFsRgVpBdCzE","lgnjs":"1511131501","timezone":"0"}
{"email":"chance@beckerschmidt.info","pass":"G4KtP8L4","lgnjs":"1511131501","timezone":"0"}
{"email":"scottie@jenkinsoreilly.name","pass":"9gF5TaEs","lgnjs":"1511131501","timezone":"0"}
{"email":"gloria_erdman@tremblaygorczany.com","pass":"P4WfMuI8PrJu","lgnjs":"1511131501","timezone":"0"}
{"email":"nolan@ruecker.net","pass":"Ic3nKcLnMc","lgnjs":"1511131501","timezone":"0"}
{"email":"audie.cruickshank@rolfson.biz","pass":"IlDq7861","lgnjs":"1511131501","timezone":"0"}
{"email":"arnold@abernathy.name","pass":"70X224VwHrR3","lgnjs":"1511131501","timezone":"0"}
{"email":"mariana_stanton@wisoky.co","pass":"Yd6pIlIb","lgnjs":"1511131501","timezone":"0"}
{"email":"dennis@glover.info","pass":"6a2pGmMaIm57MzS","lgnjs":"1511131501","timezone":"0"}
{"email":"leo@gleichner.net","pass":"F0AyZmKk","lgnjs":"1511131501","timezone":"0"}
{"email":"sarai@leschhansen.name","pass":"M5Ub629y6iZdXcM","lgnjs":"1511131501","timezone":"0"}
{"email":"nikko_corwin@beatty.name","pass":"8e4y5nRm7","lgnjs":"1511131501","timezone":"0"}
{"email":"horacio.volkman@upton.info","pass":"718yNl9mF4RuCw","lgnjs":"1511131501","timezone":"0"}
{"email":"alberto.collins@klingconnelly.info","pass":"0cYjJa49Hi","lgnjs":"1511131501","timezone":"0"}
{"email":"brendan.bayer@goyette.biz","pass":"Z3YgXd198xNw","lgnjs":"1511131501","timezone":"0"}
{"email":"roger@lemke.biz","pass":"Xq3rSiT2G9M","lgnjs":"1511131501","timezone":"0"}
{"email":"ettie.mckenzie@thiel.io","pass":"ZjMt3zAnPzEiQlKm","lgnjs":"1511131501","timezone":"0"}
{"email":"lane@cronaadams.org","pass":"Fn21Y3FyHnJ8VbV","lgnjs":"1511131501","timezone":"0"}
{"email":"felton.volkman@baumbach.biz","pass":"20VpB3VvH71071Pv","lgnjs":"1511131501","timezone":"0"}
{"email":"antonina@hanekeeling.co","pass":"D977Jg0uPhZh8","lgnjs":"1511131501","timezone":"0"}
{"email":"ole.tremblay@will.biz","pass":"JgPcP5Zn8a050yYw","lgnjs":"1511131501","timezone":"0"}
{"email":"trea.gibson@runolfsdottir.io","pass":"Cc8p1qHnJqEr74C","lgnjs":"1511131501","timezone":"0"}
{"email":"amani@rathgottlieb.org","pass":"Ji530wTkFe7","lgnjs":"1511131501","timezone":"0"}
{"email":"hans_bergstrom@borerkerluke.info","pass":"8rIwTs6yQyO","lgnjs":"1511131501","timezone":"0"}
{"email":"louie_jerde@maggio.net","pass":"XkOgBo8mNzB7","lgnjs":"1511131501","timezone":"0"}
{"email":"darrell_borer@rolfsonbuckridge.info","pass":"K43rW606G7RdQn","lgnjs":"1511131501","timezone":"0"}
{"email":"kip@boyle.net","pass":"N1PyWa4cT7BpU4Nl","lgnjs":"1511131501","timezone":"0"}
{"email":"gregg@stehr.info","pass":"RcVc666497Nj78D","lgnjs":"1511131501","timezone":"0"}
{"email":"wilber.beier@cummings.net","pass":"9a1cSaW15b4","lgnjs":"1511131501","timezone":"0"}
{"email":"maxime@lefflerturcotte.io","pass":"M2Ft60Mi","lgnjs":"1511131501","timezone":"0"}
{"email":"colby_lang@yundt.info","pass":"6s4lR7YrZ1C4ChWx","lgnjs":"1511131501","timezone":"0"}
{"email":"wilson_beahan@mills.info","pass":"BpNl49RzUfC4","lgnjs":"1511131501","timezone":"0"}
{"email":"uriel@medhurst.io","pass":"B2Kc5tF88aD","lgnjs":"1511131501","timezone":"0"}
{"email":"pearl.feest@ward.info","pass":"QqRtN8JrUvNpCnOc","lgnjs":"1511131501","timezone":"0"}
{"email":"selmer.little@weber.info","pass":"EnQpI3J2NsP","lgnjs":"1511131501","timezone":"0"}
{"email":"kasey_johnston@johnston.co","pass":"LwL7YfRi0","lgnjs":"1511131501","timezone":"0"}
{"email":"wilhelmine_ko@breitenberg.org","pass":"SqH4K4EuD","lgnjs":"1511131501","timezone":"0"}
{"email":"sage_windler@batz.name","pass":"4iTs8b13U4UiN","lgnjs":"1511131501","timezone":"0"}
{"email":"frieda.stokes@dicki.org","pass":"OrErKdS5Rz1tD","lgnjs":"1511131501","timezone":"0"}
{"email":"jaydon_carroll@bartoletti.io","pass":"Rr2hB6R2FqKb","lgnjs":"1511131501","timezone":"0"}
{"email":"hershel@lakincrona.org","pass":"8yZyN7GzGv90Mo","lgnjs":"1511131501","timezone":"0"}
{"email":"ethyl.bradtke@anderson.com","pass":"27A6CoF1ShMs","lgnjs":"1511131501","timezone":"0"}
{"email":"talon@waelchi.biz","pass":"2q8y313mT","lgnjs":"1511131501","timezone":"0"}
{"email":"frances.shanahan@powlowskicarroll.info","pass":"HvYq0zAbR","lgnjs":"1511131501","timezone":"0"}
{"email":"jameson.muller@frami.biz","pass":"B5Ne13Fe1h8q05","lgnjs":"1511131501","timezone":"0"}
{"email":"lulu@dooley.org","pass":"9b20AgJ65h","lgnjs":"1511131501","timezone":"0"}
{"email":"deven@weinatzemlak.net","pass":"JeF8Tv3uVmO","lgnjs":"1511131501","timezone":"0"}
{"email":"kallie@harber.co","pass":"XqDp9j4hU","lgnjs":"1511131501","timezone":"0"}
{"email":"gerardo@rutherford.com","pass":"0i8mLsVm","lgnjs":"1511131501","timezone":"0"}
{"email":"felicita@wintheisergreen.org","pass":"K82nYsUaMh4","lgnjs":"1511131501","timezone":"0"}
{"email":"arnoldo_wisoky@swift.net","pass":"68HhLqCcL4","lgnjs":"1511131501","timezone":"0"}
{"email":"camren@greenfelder.net","pass":"RjW6G6654a59Q","lgnjs":"1511131501","timezone":"0"}
{"email":"lucius.barton@kohlerwitting.io","pass":"TtWb30C4Bg4f","lgnjs":"1511131501","timezone":"0"}
{"email":"jazmin.sauer@thiel.io","pass":"21DbC73vRr6","lgnjs":"1511131501","timezone":"0"}
{"email":"yasmine@wilderman.net","pass":"8sLh2wJ3UuSiY3","lgnjs":"1511131501","timezone":"0"}
{"email":"kathleen_beatty@king.org","pass":"GeAzPyD7K","lgnjs":"1511131501","timezone":"0"}
{"email":"horace@sauermclaughlin.org","pass":"2g435f79O","lgnjs":"1511131501","timezone":"0"}
{"email":"arlene@nienow.biz","pass":"YuTt2wSbJy","lgnjs":"1511131501","timezone":"0"}
{"email":"elta.zieme@abernathyyost.net","pass":"Ug96Hy3tJgGtIeP","lgnjs":"1511131501","timezone":"0"}
{"email":"adelbert_stoltenberg@casper.net","pass":"5y0g1pVr3","lgnjs":"1511131501","timezone":"0"}
